make all --print-data-base --no-builtin-variables --no-builtin-rules --question
# GNU Make 4.3
 
# Built for x86_64-pc-linux-gnu
 
# Copyright (C) 1988-2020 Free Software Foundation, Inc.
 
# License GPLv3+: GNU GPL version 3 or later <http://gnu.org/licenses/gpl.html>
 
# This is free software: you are free to change and redistribute it.
 
# There is NO WARRANTY, to the extent permitted by law.
 

 
# Make data base, printed on Fri Aug 12 07:59:04 2022
 

# Variables
 

 
# makefile (from 'Makefile', line 20)
 
OBJ = $(addprefix $(OBJS_DIR)/,$(SRC:.c=.o))
 
# environment
 
GDK_BACKEND = x11
 
# environment
 
LC_ALL = C
 
# makefile (from 'Makefile', line 13)
 
SRC = encrypt.c decrypt.c stockolm.c files_lst.c get_things.c simple_options.c 
 
# makefile (from 'Makefile', line 6)
 
SRC_DIR = src
 
# environment
 
VSCODE_CWD = /home/kali
 
# environment
 
LESS_TERMCAP_me = [0m
 
# environment
 
GDM_LANG = en_US.utf8
 
# default
 
MAKE_COMMAND := make
 
# environment
 
QT_ACCESSIBILITY = 1
 
# automatic
 
@D = $(patsubst %/,%,$(dir $@))
 
# makefile (from 'Makefile', line 5)
 
INCLUDE_DIR = include
 
# environment
 
VSCODE_HANDLES_UNCAUGHT_ERRORS = true
 
# default
 
.VARIABLES := 
 
# environment
 
PWD = /home/kali/stockolm_repo
 
# automatic
 
%D = $(patsubst %/,%,$(dir $%))
 
# environment
 
XDG_DATA_DIRS = /usr/share/xfce4:/usr/local/share/:/usr/share/:/usr/share
# environment
OLDPWD = /home/kali
# automatic
^D = $(patsubst %/,%,$(dir $^))
# automatic
%F = $(notdir $%)
# environment
VSCODE_CODE_CACHE_PATH = /home/kali/.config/Code/CachedData/3b889b090b5ad5793f524b5d1d39fda662b96a2a
# environment
XDG_SESSION_PATH = /org/freedesktop/DisplayManager/Session0
# environment
LANG = C
# environment
XAUTHORITY = /home/kali/.Xauthority
# default
.LOADED := 
# environment
LESS_TERMCAP_md = [1;36m
# default
.INCLUDE_DIRS = /usr/local/include /usr/include /usr/include
# makefile
MAKEFLAGS = pqrR
# environment
LESS_TERMCAP_so = [01;33m
# makefile
CURDIR := /home/kali/stockolm_repo
# environment
APPLICATION_INSIGHTS_NO_DIAGNOSTIC_CHANNEL = true
# automatic
*D = $(patsubst %/,%,$(dir $*))
# environment
LESS_TERMCAP_ue = [0m
# environment
MFLAGS = -pqrR
# environment
SSH_AUTH_SOCK = /tmp/ssh-8iMfZDhujS9l/agent.839
# default
.SHELLFLAGS := -c
# environment
XDG_CONFIG_DIRS = /etc/xdg
# automatic
+D = $(patsubst %/,%,$(dir $+))
# environment
XDG_SESSION_DESKTOP = lightdm-xsession
# makefile (from 'Makefile', line 1)
MAKEFILE_LIST := Makefile
# automatic
@F = $(notdir $@)
# environment
VSCODE_PID = 1163
# environment
XDG_SESSION_TYPE = x11
# automatic
?D = $(patsubst %/,%,$(dir $?))
# environment
SESSION_MANAGER = local/kali:@/tmp/.ICE-unix/839,unix/kali:/tmp/.ICE-unix/839
# automatic
*F = $(notdir $*)
# environment
QT_QPA_PLATFORMTHEME = qt5ct
# environment
CHROME_DESKTOP = code-url-handler.desktop
# environment
DBUS_SESSION_BUS_ADDRESS = unix:path=/run/user/1000/bus
# automatic
<D = $(patsubst %/,%,$(dir $<))
# environment
VSCODE_NLS_CONFIG = {"locale":"en-us","availableLanguages":{},"_languagePackSupport":true}
# default
MAKE_HOST := x86_64-pc-linux-gnu
# makefile
SHELL = /bin/sh
# environment
LESS_TERMCAP_us = [1;32m
# default
MAKECMDGOALS := all
# environment
SHLVL = 0
# environment
MAKELEVEL := 0
# default
MAKE = $(MAKE_COMMAND)
# environment
PATH = /usr/local/sbin:/usr/sbin:/sbin:/usr/local/bin:/usr/bin:/bin:/usr/local/games:/usr/games:/home/kali/.dotnet/tools
# environment
LESS_TERMCAP_se = [0m
# default
MAKEFILES := 
# automatic
^F = $(notdir $^)
# environment
COMMAND_NOT_FOUND_INSTALL_PROMPT = 1
# environment
LESS_TERMCAP_mb = [1;31m
# automatic
?F = $(notdir $?)
# makefile (from 'Makefile', line 11)
INC = -I $(INCLUDE_DIR)
# makefile (from 'Makefile', line 1)
NAME = stockolm
# environment
XDG_SEAT = seat0
# environment
XDG_CURRENT_DESKTOP = XFCE
# environment
LS_COLORS = 
# automatic
+F = $(notdir $+)
# environment
XDG_SEAT_PATH = /org/freedesktop/DisplayManager/Seat0
# environment
DESKTOP_SESSION = lightdm-xsession
# environment
ORIGINAL_XDG_CURRENT_DESKTOP = XFCE
# 'override' directive
GNUMAKEFLAGS := 
# environment
LOGNAME = kali
# makefile (from 'Makefile', line 27)
CPPFLAGS = -I/home/linuxbrew/.linuxbrew/opt/openssl@1.1/include/openssl
# environment
XDG_VTNR = 7
# makefile
.DEFAULT_GOAL := all
# environment
DISPLAY = :0.0
# environment
USER = kali
# environment
GTK_MODULES = gail:atk-bridge
# default
MAKE_VERSION := 4.3
# makefile (from 'Makefile', line 28)
LDFLAGS = -L/home/linuxbrew/.linuxbrew/opt/openssl@1.1/lib -lssl -lcrypto
# makefile (from 'Makefile', line 7)
OBJS_DIR = objs
# environment
SSH_AGENT_PID = 920
# environment
_ = /usr/share/code/code
# environment
XDG_RUNTIME_DIR = /run/user/1000
# makefile (from 'Makefile', line 26)
CFLAGS = -g $(INC)
# environment
POWERSHELL_TELEMETRY_OPTOUT = 1
# environment
XDG_SESSION_CLASS = user
# environment
VSCODE_AMD_ENTRYPOINT = vs/workbench/api/node/extensionHostProcess
# environment
HOME = /home/kali
# environment
_JAVA_OPTIONS = -Dawt.useSystemAAFontSettings=on -Dswing.aatext=true
# environment
ELECTRON_RUN_AS_NODE = 1
# environment
VSCODE_IPC_HOOK = /run/user/1000/vscode-f2138f4e-1.69.2-main.sock
# environment
XDG_SESSION_ID = 2
# environment
DOTNET_CLI_TELEMETRY_OPTOUT = 1
# default
.RECIPEPREFIX := 
# automatic
<F = $(notdir $<)
# default
SUFFIXES := 
# environment
QT_AUTO_SCREEN_SCALE_FACTOR = 0
# environment
XDG_GREETER_DATA_DIR = /var/lib/lightdm/data/kali
# default
.FEATURES := target-specific order-only second-expansion else-if shortest-stem undefine oneshell nocomment grouped-target extra-prereqs archives jobserver output-sync check-symlink load
# makefile (from 'Makefile', line 25)
CC = gcc
# environment
XDG_MENU_PREFIX = xfce-
# environment
GDMSESSION = lightdm-xsession
# variable set hash-table stats:
# Load=107/1024=10%, Rehash=0, Collisions=12/152=8%

# Pattern-specific Variable Values

# No pattern-specific variable values.

# Directories

# src (device 2049, inode 3161504): 8 files, no impossibilities so far.
# . (device 2049, inode 3161457): 10 files, no impossibilities.

# 18 files, no impossibilities in 2 directories.

# Implicit Rules

objs/%.o: src/%.c
#  recipe to execute (from 'Makefile', line 33):
	@mkdir -p $(dir $@)
	$(CC) $(CPPFLAGS) -c $(CFLAGS) -o $@ $^
	@echo "Compiling $^"

# 1 implicit rules, 0 (0.0%) terminal.
# Files

# Not a target:
src/decrypt.c:
#  Implicit rule search has been done.
#  Last modified 2022-08-12 07:54:56.245382281
#  File has been updated.
#  Successfully updated.

# Not a target:
Makefile:
#  Implicit rule search has been done.
#  Last modified 2022-08-12 07:58:56.022018701
#  File has been updated.
#  Successfully updated.

objs/decrypt.o: src/decrypt.c
#  Implicit rule search has been done.
#  Implicit/static pattern stem: 'decrypt'
#  Last modified 2022-08-12 07:55:54.626560801
#  File has been updated.
#  Successfully updated.
#  recipe to execute (from 'Makefile', line 33):
	@mkdir -p $(dir $@)
	$(CC) $(CPPFLAGS) -c $(CFLAGS) -o $@ $^
	@echo "Compiling $^"

# Not a target:
src/get_things.c:
#  Implicit rule search has been done.
#  Last modified 2022-08-12 07:52:51.543056933
#  File has been updated.
#  Successfully updated.

clean:
#  Implicit rule search has not been done.
#  Modification time never checked.
#  File has not been updated.
#  recipe to execute (from 'Makefile', line 44):
	@rm -rf $(OBJS_DIR)

objs/stockolm.o: src/stockolm.c
#  Implicit rule search has been done.
#  Implicit/static pattern stem: 'stockolm'
#  Last modified 2022-08-12 07:58:57.89001878
#  File has been updated.
#  Successfully updated.
#  recipe to execute (from 'Makefile', line 33):
	@mkdir -p $(dir $@)
	$(CC) $(CPPFLAGS) -c $(CFLAGS) -o $@ $^
	@echo "Compiling $^"

re: fclean all
#  Implicit rule search has not been done.
#  Modification time never checked.
#  File has not been updated.

objs/simple_options.o: src/simple_options.c
#  Implicit rule search has been done.
#  Implicit/static pattern stem: 'simple_options'
#  Last modified 2022-08-12 07:58:57.946018782
#  File has been updated.
#  Successfully updated.
#  recipe to execute (from 'Makefile', line 33):
	@mkdir -p $(dir $@)
	$(CC) $(CPPFLAGS) -c $(CFLAGS) -o $@ $^
	@echo "Compiling $^"

objs/get_things.o: src/get_things.c
#  Implicit rule search has been done.
#  Implicit/static pattern stem: 'get_things'
#  Last modified 2022-08-12 07:52:58.218393215
#  File has been updated.
#  Successfully updated.
#  recipe to execute (from 'Makefile', line 33):
 
	@mkdir -p $(dir $@)
 
	$(CC) $(CPPFLAGS) -c $(CFLAGS) -o $@ $^
 
	@echo "Compiling $^"
 

 
# Not a target:
.DEFAULT:
#  Implicit rule search has not been done.
#  Modification time never checked.
#  File has not been updated.

all: stockolm
#  Command line target.
#  Implicit rule search has been done.
#  File does not exist.
#  File has been updated.
#  Needs to be updated (-q is set).
# variable set hash-table stats:
# Load=0/32=0%, Rehash=0, Collisions=0/10=0%

fclean:
#  Implicit rule search has not been done.
#  Modification time never checked.
#  File has not been updated.
#  recipe to execute (from 'Makefile', line 47):
	@rm -f $(NAME)

# Not a target:
src/stockolm.c:
#  Implicit rule search has been done.
#  Last modified 2022-08-12 07:57:31.634015119
#  File has been updated.
#  Successfully updated.

stockolm: objs/encrypt.o objs/decrypt.o objs/stockolm.o objs/files_lst.o objs/get_things.o objs/simple_options.o
#  Implicit rule search has not been done.
#  Implicit/static pattern stem: ''
#  File does not exist.
#  File has been updated.
#  Needs to be updated (-q is set).
# automatic
# @ := stockolm
# automatic
# * := 
# automatic
# < := objs/encrypt.o
# automatic
# + := objs/encrypt.o objs/decrypt.o objs/stockolm.o objs/files_lst.o objs/get_things.o objs/simple_options.o
# automatic
# % := 
# automatic
# ^ := objs/encrypt.o objs/decrypt.o objs/stockolm.o objs/files_lst.o objs/get_things.o objs/simple_options.o
# automatic
# ? := objs/encrypt.o objs/decrypt.o objs/stockolm.o objs/files_lst.o objs/get_things.o objs/simple_options.o
# automatic
# | := 
# variable set hash-table stats:
# Load=8/32=25%, Rehash=0, Collisions=3/18=17%
#  recipe to execute (from 'Makefile', line 40):
	$(CC) $(OBJ) $(LDFLAGS) -o $(NAME)
	@echo "Built $(NAME)"

# Not a target:
src/files_lst.c:
#  Implicit rule search has been done.
#  Last modified 2022-08-12 07:51:52.045320404
#  File has been updated.
#  Successfully updated.

# Not a target:
src/encrypt.c:
#  Implicit rule search has been done.
#  Last modified 2022-08-12 07:53:35.761156823
#  File has been updated.
#  Successfully updated.

# Not a target:
src/simple_options.c:
#  Implicit rule search has been done.
#  Last modified 2022-08-12 07:58:46.054018278
#  File has been updated.
#  Successfully updated.

objs/files_lst.o: src/files_lst.c
#  Implicit rule search has been done.
#  Implicit/static pattern stem: 'files_lst'
#  Last modified 2022-08-12 07:52:58.162365213
#  File has been updated.
#  Successfully updated.
#  recipe to execute (from 'Makefile', line 33):
	@mkdir -p $(dir $@)
	$(CC) $(CPPFLAGS) -c $(CFLAGS) -o $@ $^
	@echo "Compiling $^"

# Not a target:
.SUFFIXES:
#  Implicit rule search has not been done.
#  Modification time never checked.
#  File has not been updated.

objs/encrypt.o: src/encrypt.c
#  Implicit rule search has been done.
#  Implicit/static pattern stem: 'encrypt'
#  Last modified 2022-08-12 07:54:19.146840699
#  File has been updated.
#  Successfully updated.
#  recipe to execute (from 'Makefile', line 33):
	@mkdir -p $(dir $@)
	$(CC) $(CPPFLAGS) -c $(CFLAGS) -o $@ $^
	@echo "Compiling $^"

# files hash-table stats:
# Load=20/1024=2%, Rehash=0, Collisions=0/60=0%
# VPATH Search Paths

# No 'vpath' search paths.

# No general ('VPATH' variable) search path.

# strcache buffers: 1 (0) / strings = 44 / storage = 491 B / avg = 11 B
# current buf: size = 8162 B / used = 491 B / count = 44 / avg = 11 B

# strcache performance: lookups = 68 / hit rate = 35%
# hash-table stats:
# Load=44/8192=1%, Rehash=0, Collisions=0/68=0%
# Finished Make data base on Fri Aug 12 07:59:05 2022

 
